Building DAG of jobs...
Using shell: /bin/bash
Provided cores: 24
Rules claiming more threads will be scaled down.
Job counts:
	count	jobs
	1	all
	2	gatk4_CNNScoreVariants
	2	gatk4_FilterVariantTranches
	5

[Sat May 16 19:23:30 2020]
Job 4: Annotating vcf with scores from a Convolutional Neural Network (CNN) (2D model with pre-trained architecture)


[Sat May 16 19:23:30 2020]
Job 3: Annotating vcf with scores from a Convolutional Neural Network (CNN) (2D model with pre-trained architecture)

Activating singularity image /store/lkemp/exome_project/benchmarking/NA12878_exome/bench1.1/vcf_annotation_pipeline/.snakemake/singularity/303c05b7ea32139c9ae38f7f791e1246.simg
Activating singularity image /store/lkemp/exome_project/benchmarking/NA12878_exome/bench1.1/vcf_annotation_pipeline/.snakemake/singularity/303c05b7ea32139c9ae38f7f791e1246.simg
[Sat May 16 19:30:09 2020]
Finished job 3.
1 of 5 steps (20%) done

[Sat May 16 19:30:09 2020]
Job 1: Applying tranche filtering to variant calls

Activating singularity image /store/lkemp/exome_project/benchmarking/NA12878_exome/bench1.1/vcf_annotation_pipeline/.snakemake/singularity/303c05b7ea32139c9ae38f7f791e1246.simg
[Sat May 16 19:30:25 2020]
Finished job 4.
2 of 5 steps (40%) done

[Sat May 16 19:30:25 2020]
Job 2: Applying tranche filtering to variant calls

Activating singularity image /store/lkemp/exome_project/benchmarking/NA12878_exome/bench1.1/vcf_annotation_pipeline/.snakemake/singularity/303c05b7ea32139c9ae38f7f791e1246.simg
[Sat May 16 19:30:47 2020]
Finished job 1.
3 of 5 steps (60%) done
[Sat May 16 19:31:02 2020]
Finished job 2.
4 of 5 steps (80%) done

[Sat May 16 19:31:02 2020]
localrule all:
    input: filtered/NIST7035_NIST_filtered.vcf, filtered/NIST7086_NIST_filtered.vcf
    jobid: 0

[Sat May 16 19:31:02 2020]
Finished job 0.
5 of 5 steps (100%) done
Complete log: /store/lkemp/exome_project/benchmarking/NA12878_exome/bench1.1/vcf_annotation_pipeline/.snakemake/log/2020-05-16T192330.791008.snakemake.log
