Building DAG of jobs...
Using shell: /bin/bash
Provided cores: 24
Rules claiming more threads will be scaled down.
Job counts:
	count	jobs
	1	all
	2	gatk4_CNNScoreVariants
	2	gatk4_FilterVariantTranches
	5

[Tue May 26 17:23:35 2020]
Job 3: Annotating vcf with scores from a Convolutional Neural Network (CNN) (2D model with pre-trained architecture)


[Tue May 26 17:23:35 2020]
Job 4: Annotating vcf with scores from a Convolutional Neural Network (CNN) (2D model with pre-trained architecture)

Activating singularity image /store/lkemp/exome_project/benchmarking/NA12878_exome/bench1.2/vcf_annotation_pipeline/.snakemake/singularity/303c05b7ea32139c9ae38f7f791e1246.simg
Activating singularity image /store/lkemp/exome_project/benchmarking/NA12878_exome/bench1.2/vcf_annotation_pipeline/.snakemake/singularity/303c05b7ea32139c9ae38f7f791e1246.simg
[Tue May 26 21:13:52 2020]
Finished job 3.
1 of 5 steps (20%) done

[Tue May 26 21:13:52 2020]
Job 1: Applying tranche filtering to variant calls

Activating singularity image /store/lkemp/exome_project/benchmarking/NA12878_exome/bench1.2/vcf_annotation_pipeline/.snakemake/singularity/303c05b7ea32139c9ae38f7f791e1246.simg
[Tue May 26 21:13:59 2020]
Error in rule gatk4_FilterVariantTranches:
    jobid: 1
    output: filtered/NIST7035_NIST_filtered.vcf
    log: logs/gatk_filter_variant_tranches/NIST7035_NIST.log (check log file(s) for error message)
    shell:
        gatk FilterVariantTranches -V filtered/NIST7035_NIST_scored.vcf -O filtered/NIST7035_NIST_filtered.vcf --tmp-dir /store/lkemp/exome_project/tmp/   --resource /store/lkemp/publicData/haplotype/gatkBundle/GRCh37/hapmap_3.3.hg19.sites.vcf.gz --resource /store/lkemp/publicData/dbSNP/gatkBundle/GRCh37/Mills_and_1000G_gold_standard.indels.hg19.sites.vcf.gz --info-key CNN_2D --snp-tranche 80.00 --snp-tranche 81.00 --snp-tranche 82.00 --snp-tranche 83.00 --snp-tranche 84.00 --snp-tranche 85.00 --snp-tranche 86.00 --snp-tranche 87.00 --snp-tranche 88.00 --snp-tranche 89.00 --snp-tranche 90.00 --snp-tranche 91.00 --snp-tranche 92.00 --snp-tranche 93.00 --snp-tranche 94.00 --snp-tranche 95.00 --snp-tranche 96.00 --snp-tranche 97.00 --snp-tranche 98.00 --snp-tranche 99.00 --snp-tranche 100.00 --indel-tranche 80.00 --indel-tranche 81.00 --indel-tranche 82.00 --indel-tranche 83.00 --indel-tranche 84.00 --indel-tranche 85.00 --indel-tranche 86.00 --indel-tranche 87.00 --indel-tranche 88.00 --indel-tranche 89.00 --indel-tranche 90.00 --indel-tranche 91.00 --indel-tranche 92.00 --indel-tranche 93.00 --indel-tranche 94.00 --indel-tranche 95.00 --indel-tranche 96.00 --indel-tranche 97.00 --indel-tranche 98.00 --indel-tranche 99.00 --indel-tranche 100.00
        (one of the commands exited with non-zero exit code; note that snakemake uses bash strict mode!)

[Tue May 26 21:30:30 2020]
Finished job 4.
2 of 5 steps (40%) done
Shutting down, this might take some time.
Exiting because a job execution failed. Look above for error message
Complete log: /store/lkemp/exome_project/benchmarking/NA12878_exome/bench1.2/vcf_annotation_pipeline/.snakemake/log/2020-05-26T172335.373297.snakemake.log
