Building DAG of jobs...
Pulling singularity image docker://broadinstitute/gatk:4.1.7.0.
Using shell: /bin/bash
Provided cores: 24
Rules claiming more threads will be scaled down.
Job counts:
	count	jobs
	1	all
	2	gatk4_CNNScoreVariants
	2	gatk4_FilterVariantTranches
	5

[Wed Jun  3 21:06:47 2020]
Job 3: Annotating vcf with scores from a Convolutional Neural Network (CNN) (2D model with pre-trained architecture)


[Wed Jun  3 21:06:47 2020]
Job 4: Annotating vcf with scores from a Convolutional Neural Network (CNN) (2D model with pre-trained architecture)

Activating singularity image /store/lkemp/exome_project/quality_benchmarking/NA12878_exome/quality_bench1.4/vcf_annotation_pipeline/.snakemake/singularity/303c05b7ea32139c9ae38f7f791e1246.simg
Activating singularity image /store/lkemp/exome_project/quality_benchmarking/NA12878_exome/quality_bench1.4/vcf_annotation_pipeline/.snakemake/singularity/303c05b7ea32139c9ae38f7f791e1246.simg
[Thu Jun  4 00:58:36 2020]
Finished job 3.
1 of 5 steps (20%) done

[Thu Jun  4 00:58:36 2020]
Job 1: Applying tranche filtering to variant calls

Activating singularity image /store/lkemp/exome_project/quality_benchmarking/NA12878_exome/quality_bench1.4/vcf_annotation_pipeline/.snakemake/singularity/303c05b7ea32139c9ae38f7f791e1246.simg
[Thu Jun  4 01:03:56 2020]
Finished job 1.
2 of 5 steps (40%) done
[Thu Jun  4 01:07:41 2020]
Finished job 4.
3 of 5 steps (60%) done

[Thu Jun  4 01:07:41 2020]
Job 2: Applying tranche filtering to variant calls

Activating singularity image /store/lkemp/exome_project/quality_benchmarking/NA12878_exome/quality_bench1.4/vcf_annotation_pipeline/.snakemake/singularity/303c05b7ea32139c9ae38f7f791e1246.simg
[Thu Jun  4 01:12:22 2020]
Finished job 2.
4 of 5 steps (80%) done

[Thu Jun  4 01:12:22 2020]
localrule all:
    input: filtered/NIST7035_NIST_filtered.vcf, filtered/NIST7086_NIST_filtered.vcf
    jobid: 0

[Thu Jun  4 01:12:22 2020]
Finished job 0.
5 of 5 steps (100%) done
Complete log: /store/lkemp/exome_project/quality_benchmarking/NA12878_exome/quality_bench1.4/vcf_annotation_pipeline/.snakemake/log/2020-06-03T210515.737536.snakemake.log
