Building DAG of jobs...
Using shell: /bin/bash
Provided cores: 24
Rules claiming more threads will be scaled down.
Job counts:
	count	jobs
	1	all
	2	gatk4_FilterVariantTranches
	3

[Tue May 26 21:35:00 2020]
Job 2: Applying tranche filtering to variant calls


[Tue May 26 21:35:00 2020]
Job 1: Applying tranche filtering to variant calls

Activating singularity image /store/lkemp/exome_project/benchmarking/NA12878_exome/bench1.2/vcf_annotation_pipeline/.snakemake/singularity/303c05b7ea32139c9ae38f7f791e1246.simg
Activating singularity image /store/lkemp/exome_project/benchmarking/NA12878_exome/bench1.2/vcf_annotation_pipeline/.snakemake/singularity/303c05b7ea32139c9ae38f7f791e1246.simg
[Tue May 26 21:35:38 2020]
Finished job 1.
1 of 3 steps (33%) done
[Tue May 26 21:35:40 2020]
Finished job 2.
2 of 3 steps (67%) done

[Tue May 26 21:35:40 2020]
localrule all:
    input: filtered/NIST7035_NIST_filtered.vcf, filtered/NIST7086_NIST_filtered.vcf
    jobid: 0

[Tue May 26 21:35:40 2020]
Finished job 0.
3 of 3 steps (100%) done
Complete log: /store/lkemp/exome_project/benchmarking/NA12878_exome/bench1.2/vcf_annotation_pipeline/.snakemake/log/2020-05-26T213500.415873.snakemake.log
